HZW19144646: <<<<<<<<<<<<<<<<<<<<<<<<<<<
             2019 Apr 18 (Thu): 12:50:15
             <<<<<<<<<<<<<<<<<<<<<<<<<<<
             
HZW19144646: ===============================
             Processing CAD model
             Version 2015.0 (build 20150116)
             2019 Apr 18 (Thu): 12:50:16
             ===============================
             
HZW19144646: sssssssssssssssssssssssssssssssssss
             The point accuracy is set to 0.00%.
             sssssssssssssssssssssssssssssssssss
             
==================================================================================================
== CST Matrix Calculation Priority Log                                                          ==
==================================================================================================
 
Priorities are sorted in ascending order beginning with the lowest priority
 
Priority:   3, shape   2: component1:center, material: material1
Priority:   3, shape   3: component1:solid1, material: material1
Priority:   3, shape   4: component1:solid1_1, material: material1
Priority:   3, shape   5: component1:solid1_1_1, material: material1
Priority:   3, shape   6: component1:solid1_2, material: material1
Priority:   3, shape   7: component1:solid2, material: material1
Priority:   3, shape   8: component1:solid2_1, material: material1
Priority:   3, shape   9: component1:solid2_2, material: material1
Priority:   3, shape  10: component1:solid2_3, material: material1
Priority:   3, shape  11: component1:solid3, material: material1
Priority:   3, shape  12: component1:solid3_1, material: material1
Priority:   3, shape  13: component1:solid3_2, material: material1
Priority:   3, shape  14: component1:solid3_3, material: material1
Priority:   3, shape  15: component1:solid4, material: material1
Priority:   3, shape  16: component1:solid4_1, material: material1
Priority:   3, shape  17: component1:solid4_2, material: material1
Priority:   3, shape  18: component1:solid4_3, material: material1
Priority:   3, shape  19: component1:solid4_4, material: material1
Priority:   3, shape  20: component1:solid4_5, material: material1
Priority:   3, shape  21: component1:solid4_6, material: material1
Priority:   3, shape  22: component1:solid4_7, material: material1
Priority:   3, shape  23: component1:solid5, material: material1
Priority:   3, shape  24: component1:solid5_1, material: material1
Priority:   3, shape  25: component1:solid5_2, material: material1
Priority:   3, shape  26: component1:solid5_3, material: material1
Priority:   4, shape   1: component1:11, material: PEC
 
==================================================================================================
 
HZW19144646: =======================
             Finished CAD processing
             =======================
             
HZW19144646: >>>>>>>>>>>>>>>>>>>>>>>>>>>
             2019 Apr 18 (Thu): 12:50:17
             >>>>>>>>>>>>>>>>>>>>>>>>>>>
             
HZW19144646: <<<<<<<<<<<<<<<<<<<<<<<<<<<
             2019 Apr 18 (Thu): 12:50:17
             <<<<<<<<<<<<<<<<<<<<<<<<<<<
             
HZW19144646: ===============================
             Port preparation
             Version 2015.0 (build 20150116)
             2019 Apr 18 (Thu): 12:50:17
             ===============================
             
HZW19144646: ==========================
             Finished port preparation.
             ==========================
             
HZW19144646: >>>>>>>>>>>>>>>>>>>>>>>>>>>
             2019 Apr 18 (Thu): 12:50:19
             >>>>>>>>>>>>>>>>>>>>>>>>>>>
             
