*** Warning ***

Multiple closed boundaries detected.These boundaries are ignored by the
farfield calculation.Please note that the farfield might be misleading.

--------------------------------------------------------------------------------
In order to get an optimal performance, hyperthreading is ignored for parallel
computations.

--------------------------------------------------------------------------------
Number of threads used: 4.

--------------------------------------------------------------------------------
Units settings: 

  Dimensions: mm
  Frequency:  GHz
  Time:       ns

--------------------------------------------------------------------------------
Boundary conditions: 

  YZsymmetry: none
  XZsymmetry: none
  XYsymmetry: none

  Xmin: electric
  Xmax: electric

  Ymin: magnetic
  Ymax: magnetic

  Zmin: expanded open
  Zmax: expanded open

--------------------------------------------------------------------------------
Order settings: 

  Solver order   : 2nd (constant)
  Curved elements: up to order 3 (automatic)

--------------------------------------------------------------------------------
  Mesh time                :	42 s

--------------------------------------------------------------------------------

================================================================================
Frequency Domain Solver calculation cycle started

--------------------------------------------------------------------------------
Solver started at: 05:45 PM Thursday, 25. April 2019

  Module:  Frequency Domain: S-Parameter (Win 64)
  Version: 2015.0 Release from 2015-01-16 (change 344899)

--------------------------------------------------------------------------------
  Calculation 1 of 1 (Frequency: 70 GHz)

--------------------------------------------------------------------------------
Automatically activated electric shielding for port 1.

--------------------------------------------------------------------------------
  ----------------------------------------------------------------------------
  Port   Mode   Type        Z-Wave        Z-Wave-Sigma  Z-Line        F-Cutoff
  1      1      TE          458           0             ---           39.9
  ----------------------------------------------------------------------------

--------------------------------------------------------------------------------
The wavelength based mesh refinement has been applied to 11.9% of all mesh
edges.

--------------------------------------------------------------------------------
Adaptive mesh refinement pass 1

--------------------------------------------------------------------------------
  Matrix setup time        :	1 s
  Solver setup             :	4 s
  Degrees of freedom       :	275821
  Number of mesh cells     :	43256

  Stimulation port         :	1
  Mode number              :	1
  Accuracy                 :	9.57602e-005
  Iterations               :	61
  Solver time              :	9 s

--------------------------------------------------------------------------------
8% of all mesh edges seem to be longer than expected. The adaptive mesh
refinement's growth limitation will therefore use 58048 instead of 22485 mesh
cells as a reference.

--------------------------------------------------------------------------------
The wavelength based mesh refinement has been applied to 1.0% of all mesh edges.

--------------------------------------------------------------------------------
Adaptive mesh refinement pass 2

--------------------------------------------------------------------------------
  Matrix setup time        :	2 s
  Solver setup             :	3 s
  Degrees of freedom       :	312129
  Number of mesh cells     :	48999

  Stimulation port         :	1
  Mode number              :	1
  Accuracy                 :	9.81427e-005
  Iterations               :	70
  Solver time              :	11 s

--------------------------------------------------------------------------------
Delta S (pass 2) = 0.0588962

--------------------------------------------------------------------------------
The wavelength based mesh refinement has been applied to 0.3% of all mesh edges.

--------------------------------------------------------------------------------
Adaptive mesh refinement pass 3

--------------------------------------------------------------------------------
  Matrix setup time        :	2 s
  Solver setup             :	3 s
  Degrees of freedom       :	338685
  Number of mesh cells     :	53196

  Stimulation port         :	1
  Mode number              :	1
  Accuracy                 :	8.49127e-005
  Iterations               :	89
  Solver time              :	16 s

--------------------------------------------------------------------------------
Delta S (pass 3) = 0.046896

--------------------------------------------------------------------------------
Adaptive mesh refinement pass 4

--------------------------------------------------------------------------------
  Matrix setup time        :	3 s
  Solver setup             :	3 s
  Degrees of freedom       :	382683
  Number of mesh cells     :	60172

  Stimulation port         :	1
  Mode number              :	1
  Accuracy                 :	8.801e-005
  Iterations               :	93
  Solver time              :	18 s

--------------------------------------------------------------------------------
Delta S (pass 4) = 0.0228636

--------------------------------------------------------------------------------
Adaptive mesh refinement pass 5

--------------------------------------------------------------------------------
  Matrix setup time        :	4 s
  Solver setup             :	3 s
  Degrees of freedom       :	460793
  Number of mesh cells     :	72525

  Stimulation port         :	1
  Mode number              :	1
  Accuracy                 :	7.21139e-005
  Iterations               :	84
  Solver time              :	19 s

--------------------------------------------------------------------------------
Delta S (pass 5) = 0.0154334

--------------------------------------------------------------------------------
Adaptive mesh refinement pass 6

--------------------------------------------------------------------------------
  Matrix setup time        :	5 s
  Solver setup             :	5 s
  Degrees of freedom       :	583019
  Number of mesh cells     :	91815

  Stimulation port         :	1
  Mode number              :	1
  Accuracy                 :	9.86466e-005
  Iterations               :	75
  Solver time              :	21 s

--------------------------------------------------------------------------------
Delta S (pass 6) = 0.0062936

--------------------------------------------------------------------------------
Adaptive mesh refinement pass 7

--------------------------------------------------------------------------------
  Matrix setup time        :	6 s
  Solver setup             :	13 s
  Degrees of freedom       :	703927
  Number of mesh cells     :	110930

  Stimulation port         :	1
  Mode number              :	1
  Accuracy                 :	9.88824e-005
  Iterations               :	80
  Solver time              :	31 s

--------------------------------------------------------------------------------
Delta S (pass 7) = 0.00431193

--------------------------------------------------------------------------------
Mesh adaptation terminated because the desired accuracy limit is reached.

--------------------------------------------------------------------------------
  Generating results       :	1 s

  Total time               :	248 s	 (= 0 h, 04 m, 08 s)

--------------------------------------------------------------------------------

--------------------------------------------------------------------------------
  Calculation 2 (Frequency: 50 GHz)

--------------------------------------------------------------------------------
  ----------------------------------------------------------------------------
  Port   Mode   Type        Z-Wave        Z-Wave-Sigma  Z-Line        F-Cutoff
  1      1      TE          458           0             ---           39.9
  ----------------------------------------------------------------------------

--------------------------------------------------------------------------------
  Matrix setup time        :	4 s
  Solver setup             :	16 s
  Degrees of freedom       :	703927
  Number of mesh cells     :	110930

  Stimulation port         :	1
  Mode number              :	1
  Accuracy                 :	7.88787e-005
  Iterations               :	29
  Solver time              :	11 s

--------------------------------------------------------------------------------
  Generating results       :	8 s

  Total time               :	39 s

--------------------------------------------------------------------------------

--------------------------------------------------------------------------------
  Calculation 3 (Frequency: 60 GHz)

--------------------------------------------------------------------------------
  ----------------------------------------------------------------------------
  Port   Mode   Type        Z-Wave        Z-Wave-Sigma  Z-Line        F-Cutoff
  1      1      TE          624           0             ---           39.9
  ----------------------------------------------------------------------------

--------------------------------------------------------------------------------
  Matrix setup time        :	5 s
  Solver setup             :	9 s
  Degrees of freedom       :	703927
  Number of mesh cells     :	110930

  Stimulation port         :	1
  Mode number              :	1
  Accuracy                 :	6.40019e-005
  Iterations               :	43
  Solver time              :	17 s

--------------------------------------------------------------------------------
  Generating results       :	8 s

  Total time               :	39 s

--------------------------------------------------------------------------------

--------------------------------------------------------------------------------
  Calculation 4 (Frequency: 56.22 GHz)

--------------------------------------------------------------------------------
  ----------------------------------------------------------------------------
  Port   Mode   Type        Z-Wave        Z-Wave-Sigma  Z-Line        F-Cutoff
  1      1      TE          504           0             ---           39.9
  ----------------------------------------------------------------------------

--------------------------------------------------------------------------------
  Matrix setup time        :	5 s
  Solver setup             :	13 s
  Degrees of freedom       :	703927
  Number of mesh cells     :	110930

  Stimulation port         :	1
  Mode number              :	1
  Accuracy                 :	9.23933e-005
  Iterations               :	27
  Solver time              :	11 s

--------------------------------------------------------------------------------
  Total time               :	29 s

--------------------------------------------------------------------------------

--------------------------------------------------------------------------------
  Calculation 5 (Frequency: 62.38 GHz)

--------------------------------------------------------------------------------
  ----------------------------------------------------------------------------
  Port   Mode   Type        Z-Wave        Z-Wave-Sigma  Z-Line        F-Cutoff
  1      1      TE          534           0             ---           39.9
  ----------------------------------------------------------------------------

--------------------------------------------------------------------------------
  Matrix setup time        :	4 s
  Solver setup             :	13 s
  Degrees of freedom       :	703927
  Number of mesh cells     :	110930

  Stimulation port         :	1
  Mode number              :	1
  Accuracy                 :	9.4817e-005
  Iterations               :	41
  Solver time              :	16 s

--------------------------------------------------------------------------------
  Total time               :	33 s

--------------------------------------------------------------------------------

--------------------------------------------------------------------------------
  Calculation 6 (Frequency: 58.58 GHz)

--------------------------------------------------------------------------------
  ----------------------------------------------------------------------------
  Port   Mode   Type        Z-Wave        Z-Wave-Sigma  Z-Line        F-Cutoff
  1      1      TE          490           0             ---           39.9
  ----------------------------------------------------------------------------

--------------------------------------------------------------------------------
  Matrix setup time        :	4 s
  Solver setup             :	10 s
  Degrees of freedom       :	703927
  Number of mesh cells     :	110930

  Stimulation port         :	1
  Mode number              :	1
  Accuracy                 :	9.57905e-005
  Iterations               :	30
  Solver time              :	13 s

--------------------------------------------------------------------------------
  Total time               :	27 s

--------------------------------------------------------------------------------

--------------------------------------------------------------------------------
  Calculation 7 (Frequency: 66.54 GHz)

--------------------------------------------------------------------------------
  ----------------------------------------------------------------------------
  Port   Mode   Type        Z-Wave        Z-Wave-Sigma  Z-Line        F-Cutoff
  1      1      TE          514           0             ---           39.9
  ----------------------------------------------------------------------------

--------------------------------------------------------------------------------
  Matrix setup time        :	4 s
  Solver setup             :	8 s
  Degrees of freedom       :	703927
  Number of mesh cells     :	110930

  Stimulation port         :	1
  Mode number              :	1
  Accuracy                 :	9.61278e-005
  Iterations               :	51
  Solver time              :	21 s

--------------------------------------------------------------------------------
  Total time               :	33 s

--------------------------------------------------------------------------------

--------------------------------------------------------------------------------
  Calculation 8 (Frequency: 53.72 GHz)

--------------------------------------------------------------------------------
  ----------------------------------------------------------------------------
  Port   Mode   Type        Z-Wave        Z-Wave-Sigma  Z-Line        F-Cutoff
  1      1      TE          470           0             ---           39.9
  ----------------------------------------------------------------------------

--------------------------------------------------------------------------------
  Matrix setup time        :	4 s
  Solver setup             :	20 s
  Degrees of freedom       :	703927
  Number of mesh cells     :	110930

  Stimulation port         :	1
  Mode number              :	1
  Accuracy                 :	4.87443e-005
  Iterations               :	28
  Solver time              :	10 s

--------------------------------------------------------------------------------
  Total time               :	34 s

--------------------------------------------------------------------------------

--------------------------------------------------------------------------------
  Calculation 9 (Frequency: 65.48 GHz)

--------------------------------------------------------------------------------
  ----------------------------------------------------------------------------
  Port   Mode   Type        Z-Wave        Z-Wave-Sigma  Z-Line        F-Cutoff
  1      1      TE          562           0             ---           39.9
  ----------------------------------------------------------------------------

--------------------------------------------------------------------------------
  Matrix setup time        :	4 s
  Solver setup             :	15 s
  Degrees of freedom       :	703927
  Number of mesh cells     :	110930

  Stimulation port         :	1
  Mode number              :	1
  Accuracy                 :	9.5887e-005
  Iterations               :	40
  Solver time              :	17 s

--------------------------------------------------------------------------------
  Total time               :	36 s

--------------------------------------------------------------------------------

--------------------------------------------------------------------------------
  Calculation 10 (Frequency: 67.72 GHz)

--------------------------------------------------------------------------------
  ----------------------------------------------------------------------------
  Port   Mode   Type        Z-Wave        Z-Wave-Sigma  Z-Line        F-Cutoff
  1      1      TE          475           0             ---           39.9
  ----------------------------------------------------------------------------

--------------------------------------------------------------------------------
  Matrix setup time        :	4 s
  Solver setup             :	10 s
  Degrees of freedom       :	703927
  Number of mesh cells     :	110930

  Stimulation port         :	1
  Mode number              :	1
  Accuracy                 :	8.7673e-005
  Iterations               :	48
  Solver time              :	18 s

--------------------------------------------------------------------------------
  Generating results       :	1 s

  Total time               :	33 s

--------------------------------------------------------------------------------

--------------------------------------------------------------------------------
  Calculation 11 (Frequency: 51.58 GHz)

--------------------------------------------------------------------------------
  ----------------------------------------------------------------------------
  Port   Mode   Type        Z-Wave        Z-Wave-Sigma  Z-Line        F-Cutoff
  1      1      TE          466           0             ---           39.9
  ----------------------------------------------------------------------------

--------------------------------------------------------------------------------
  Matrix setup time        :	4 s
  Solver setup             :	13 s
  Degrees of freedom       :	703927
  Number of mesh cells     :	110930

  Stimulation port         :	1
  Mode number              :	1
  Accuracy                 :	8.40972e-005
  Iterations               :	21
  Solver time              :	10 s

--------------------------------------------------------------------------------
  Total time               :	27 s

--------------------------------------------------------------------------------

--------------------------------------------------------------------------------
  Calculation 12 (Frequency: 64.32 GHz)

--------------------------------------------------------------------------------
  ----------------------------------------------------------------------------
  Port   Mode   Type        Z-Wave        Z-Wave-Sigma  Z-Line        F-Cutoff
  1      1      TE          593           0             ---           39.9
  ----------------------------------------------------------------------------

--------------------------------------------------------------------------------
  Matrix setup time        :	5 s
  Solver setup             :	12 s
  Degrees of freedom       :	703927
  Number of mesh cells     :	110930

  Stimulation port         :	1
  Mode number              :	1
  Accuracy                 :	7.90261e-005
  Iterations               :	35
  Solver time              :	15 s

--------------------------------------------------------------------------------
  Total time               :	32 s

--------------------------------------------------------------------------------

--------------------------------------------------------------------------------
  Calculation 13 (Frequency: 65.98 GHz)

--------------------------------------------------------------------------------
  ----------------------------------------------------------------------------
  Port   Mode   Type        Z-Wave        Z-Wave-Sigma  Z-Line        F-Cutoff
  1      1      TE          480           0             ---           39.9
  ----------------------------------------------------------------------------

--------------------------------------------------------------------------------
  Matrix setup time        :	4 s
  Solver setup             :	13 s
  Degrees of freedom       :	703927
  Number of mesh cells     :	110930

  Stimulation port         :	1
  Mode number              :	1
  Accuracy                 :	9.60697e-005
  Iterations               :	32
  Solver time              :	14 s

--------------------------------------------------------------------------------
  Total time               :	31 s

--------------------------------------------------------------------------------

--------------------------------------------------------------------------------
  Calculation 14 (Frequency: 62.78 GHz)

--------------------------------------------------------------------------------
  ----------------------------------------------------------------------------
  Port   Mode   Type        Z-Wave        Z-Wave-Sigma  Z-Line        F-Cutoff
  1      1      TE          473           0             ---           39.9
  ----------------------------------------------------------------------------

--------------------------------------------------------------------------------
  Matrix setup time        :	5 s
  Solver setup             :	12 s
  Degrees of freedom       :	703927
  Number of mesh cells     :	110930

  Stimulation port         :	1
  Mode number              :	1
  Accuracy                 :	7.69046e-005
  Iterations               :	33
  Solver time              :	14 s

--------------------------------------------------------------------------------
  Total time               :	31 s

--------------------------------------------------------------------------------

--------------------------------------------------------------------------------
  Calculation 15 (Frequency: 61.4 GHz)

--------------------------------------------------------------------------------
  ----------------------------------------------------------------------------
  Port   Mode   Type        Z-Wave        Z-Wave-Sigma  Z-Line        F-Cutoff
  1      1      TE          488           0             ---           39.9
  ----------------------------------------------------------------------------

--------------------------------------------------------------------------------
  Matrix setup time        :	4 s
  Solver setup             :	21 s
  Degrees of freedom       :	703927
  Number of mesh cells     :	110930

  Stimulation port         :	1
  Mode number              :	1
  Accuracy                 :	6.84559e-005
  Iterations               :	35
  Solver time              :	15 s

--------------------------------------------------------------------------------
  Total time               :	40 s

--------------------------------------------------------------------------------

--------------------------------------------------------------------------------
  Calculation 16 (Frequency: 50.82 GHz)

--------------------------------------------------------------------------------
  ----------------------------------------------------------------------------
  Port   Mode   Type        Z-Wave        Z-Wave-Sigma  Z-Line        F-Cutoff
  1      1      TE          495           0             ---           39.9
  ----------------------------------------------------------------------------

--------------------------------------------------------------------------------
  Matrix setup time        :	4 s
  Solver setup             :	14 s
  Degrees of freedom       :	703927
  Number of mesh cells     :	110930

  Stimulation port         :	1
  Mode number              :	1
  Accuracy                 :	5.32914e-005
  Iterations               :	20
  Solver time              :	9 s

--------------------------------------------------------------------------------
  Total time               :	27 s

--------------------------------------------------------------------------------

--------------------------------------------------------------------------------
  Calculation 17 (Frequency: 60.54 GHz)

--------------------------------------------------------------------------------
  ----------------------------------------------------------------------------
  Port   Mode   Type        Z-Wave        Z-Wave-Sigma  Z-Line        F-Cutoff
  1      1      TE          607           0             ---           39.9
  ----------------------------------------------------------------------------

--------------------------------------------------------------------------------
  Matrix setup time        :	4 s
  Solver setup             :	19 s
  Degrees of freedom       :	703927
  Number of mesh cells     :	110930

  Stimulation port         :	1
  Mode number              :	1
  Accuracy                 :	7.5475e-005
  Iterations               :	23
  Solver time              :	10 s

--------------------------------------------------------------------------------
  Total time               :	33 s

--------------------------------------------------------------------------------

--------------------------------------------------------------------------------
  Calculation 18 (Frequency: 59.46 GHz)

--------------------------------------------------------------------------------
  ----------------------------------------------------------------------------
  Port   Mode   Type        Z-Wave        Z-Wave-Sigma  Z-Line        F-Cutoff
  1      1      TE          500           0             ---           39.9
  ----------------------------------------------------------------------------

--------------------------------------------------------------------------------
  Matrix setup time        :	5 s
  Solver setup             :	22 s
  Degrees of freedom       :	703927
  Number of mesh cells     :	110930

  Stimulation port         :	1
  Mode number              :	1
  Accuracy                 :	7.10887e-005
  Iterations               :	20
  Solver time              :	8 s

--------------------------------------------------------------------------------
  Total time               :	35 s

--------------------------------------------------------------------------------

--------------------------------------------------------------------------------
The S-parameter convergence criterion has been satisfied after
calculating 18 frequency samples:

  S-parameter error threshold value : 0.01
  Number of error criterion checks  : 2
  Minimum number of samples         : 3
  S-parameters considered for sweep : All

--------------------------------------------------------------------------------
  Total Solver Time        :	849 s	 (= 0 h, 14 m, 09 s)
================================================================================


--------------------------------------------------------------------------------
Calculating remaining monitors.

--------------------------------------------------------------------------------
  ----------------------------------------------------------------------------
                      Peak memory used (kB)         Free physical memory (kB) 
                                                    At begin     Minimum      
  ----------------------------------------------------------------------------
  Solver start        31432                         4209516      4209444      
  Eq. system setup    1409268                       4151712      3565836      
  Eq. system solve    1409268                       3993012      2883460      
  Mesh refinement     1080264                       3899540      3789692      
  Solver run total    1409268                       4209516      2883460      

  Computer name       HZW19144646
  ----------------------------------------------------------------------------

--------------------------------------------------------------------------------
Creating parametric 1D results.

--------------------------------------------------------------------------------
*** Error ***

Template based postprocessing result "S21 dB":
Error in calling "Evaluate0D" function (Magnitude: No data available.)

--------------------------------------------------------------------------------
*** Error ***

Template based postprocessing result "S21 Phi":
Error in calling "Evaluate0D" function (Phase: No data available.)

--------------------------------------------------------------------------------
